<?xml version="1.0" encoding="UTF-8"?>
<!-- Generated by org.testng.reporters.JUnitReportReporter -->
<testsuite skipped="0" hostname="Diego" name="Pruebas.Laboratorio03_E2" tests="1" failures="0" timestamp="2022-08-19T11:20:57 PYT" time="7.969" errors="0">
  <testcase name="login" time="7.969" classname="Pruebas.Laboratorio03_E2"/>
  <system-out/>
</testsuite> <!-- Pruebas.Laboratorio03_E2 -->
