<?xml version="1.0" encoding="UTF-8"?>
<!-- Generated by org.testng.reporters.JUnitReportReporter -->
<testsuite skipped="0" hostname="Diego" name="Pruebas.Laboratorio03_E2" tests="1" failures="0" timestamp="2022-08-12T11:42:24 PYT" time="6.282" errors="0">
  <testcase name="login" time="6.282" classname="Pruebas.Laboratorio03_E2"/>
  <system-out/>
</testsuite> <!-- Pruebas.Laboratorio03_E2 -->
