<?xml version="1.0" encoding="UTF-8"?>
<!-- Generated by org.testng.reporters.JUnitReportReporter -->
<testsuite skipped="0" hostname="Diego" name="Pruebas.BuscarLibros" tests="1" failures="0" timestamp="2022-08-19T11:46:42 PYT" time="7.901" errors="0">
  <testcase name="login" time="7.901" classname="Pruebas.BuscarLibros"/>
  <system-out/>
</testsuite> <!-- Pruebas.BuscarLibros -->
