<?xml version="1.0" encoding="UTF-8"?>
<!-- Generated by org.testng.reporters.JUnitReportReporter -->
<testsuite skipped="0" hostname="Diego" name="Edit.Tirso.Tirso2" tests="1" failures="0" timestamp="2022-08-10T09:44:39 PYT" time="1.009" errors="0">
  <testcase name="registroUsuario" time="1.009" classname="Edit.Tirso.Tirso2"/>
  <system-out/>
</testsuite> <!-- Edit.Tirso.Tirso2 -->
