<?xml version="1.0" encoding="UTF-8"?>
<!-- Generated by org.testng.reporters.JUnitReportReporter -->
<testsuite skipped="0" hostname="Diego" name="Edit.Tirso.tirso" tests="1" failures="0" timestamp="2022-08-10T09:28:01 PYT" time="0.392" errors="0">
  <testcase name="registroUsuario" time="0.392" classname="Edit.Tirso.tirso"/>
  <system-out/>
</testsuite> <!-- Edit.Tirso.tirso -->
